SKSE runtime: initialize (version = 1.7.3 09200000 01D4C117C7400E34, os = 6.2 (9200))
imagebase = 00400000
runtime root = E:\Steam\steamapps\common\Skyrim\
config path = E:\Steam\steamapps\common\Skyrim\Data\SKSE\skse.ini
minidumps enabled
old exception filter = 00F68A0F
plugin directory = E:\Steam\steamapps\common\Skyrim\Data\SKSE\Plugins\
checking plugin E:\Steam\steamapps\common\Skyrim\Data\SKSE\Plugins\\AddItemMenu2.dll
plugin E:\Steam\steamapps\common\Skyrim\Data\SKSE\Plugins\\AddItemMenu2.dll (00000000 AddItemMenu2 00000002) loaded correctly
checking plugin E:\Steam\steamapps\common\Skyrim\Data\SKSE\Plugins\\BarterFix.dll
plugin E:\Steam\steamapps\common\Skyrim\Data\SKSE\Plugins\\BarterFix.dll (00000000 BarterFix 00000001) loaded correctly
checking plugin E:\Steam\steamapps\common\Skyrim\Data\SKSE\Plugins\\BeeingFemale.dll
plugin E:\Steam\steamapps\common\Skyrim\Data\SKSE\Plugins\\BeeingFemale.dll (00000001 BeeingFemale 00000006) loaded correctly
checking plugin E:\Steam\steamapps\common\Skyrim\Data\SKSE\Plugins\\CharacterMakingExtender_plugin.dll
plugin E:\Steam\steamapps\common\Skyrim\Data\SKSE\Plugins\\CharacterMakingExtender_plugin.dll (00000001 ExCharGen plugin 0000002E) loaded correctly
checking plugin E:\Steam\steamapps\common\Skyrim\Data\SKSE\Plugins\\ConsolePlugin.dll
plugin E:\Steam\steamapps\common\Skyrim\Data\SKSE\Plugins\\ConsolePlugin.dll (00000001 console plugin 00000003) loaded correctly
checking plugin E:\Steam\steamapps\common\Skyrim\Data\SKSE\Plugins\\CrashFixPlugin.dll
plugin E:\Steam\steamapps\common\Skyrim\Data\SKSE\Plugins\\CrashFixPlugin.dll (00000001 CrashFixPlugin 00000001) loaded correctly
checking plugin E:\Steam\steamapps\common\Skyrim\Data\SKSE\Plugins\\DCF_plugin.dll
plugin E:\Steam\steamapps\common\Skyrim\Data\SKSE\Plugins\\DCF_plugin.dll (00000001 DCF_plugin 00000004) loaded correctly
checking plugin E:\Steam\steamapps\common\Skyrim\Data\SKSE\Plugins\\DeviousDevices.dll
plugin E:\Steam\steamapps\common\Skyrim\Data\SKSE\Plugins\\DeviousDevices.dll (00000001 DDiUtil 00000001) loaded correctly
checking plugin E:\Steam\steamapps\common\Skyrim\Data\SKSE\Plugins\\GrimyTools.dll
plugin E:\Steam\steamapps\common\Skyrim\Data\SKSE\Plugins\\GrimyTools.dll (00000001 GrimyToolsPluginScript 00000001) loaded correctly
checking plugin E:\Steam\steamapps\common\Skyrim\Data\SKSE\Plugins\\InsertAttackData.dll
plugin E:\Steam\steamapps\common\Skyrim\Data\SKSE\Plugins\\InsertAttackData.dll (00000000 лллл|w╤зt? 00000001) loaded correctly
checking plugin E:\Steam\steamapps\common\Skyrim\Data\SKSE\Plugins\\JContainers.dll
registering plugin listener for SKSE at 11 of 12
plugin E:\Steam\steamapps\common\Skyrim\Data\SKSE\Plugins\\JContainers.dll (00000001 JContainers 00000003) loaded correctly
checking plugin E:\Steam\steamapps\common\Skyrim\Data\SKSE\Plugins\\JaxonzConsolePlugIn.dll
plugin E:\Steam\steamapps\common\Skyrim\Data\SKSE\Plugins\\JaxonzConsolePlugIn.dll (00000001 JaxonzConsolePlugIn 00000001) loaded correctly
checking plugin E:\Steam\steamapps\common\Skyrim\Data\SKSE\Plugins\\LeatherArmorHH.dll
plugin E:\Steam\steamapps\common\Skyrim\Data\SKSE\Plugins\\LeatherArmorHH.dll (00000000 <NULL> 00000000) reported as incompatible during query
checking plugin E:\Steam\steamapps\common\Skyrim\Data\SKSE\Plugins\\LipSyncFix.dll
plugin E:\Steam\steamapps\common\Skyrim\Data\SKSE\Plugins\\LipSyncFix.dll (00000001 LipSyncFix 00000001) loaded correctly
checking plugin E:\Steam\steamapps\common\Skyrim\Data\SKSE\Plugins\\LoadGameFix.dll
registering plugin listener for SKSE at 14 of 15
plugin E:\Steam\steamapps\common\Skyrim\Data\SKSE\Plugins\\LoadGameFix.dll (00000001 LoadGameFix 00000001) loaded correctly
checking plugin E:\Steam\steamapps\common\Skyrim\Data\SKSE\Plugins\\MemoryBlocksLog.dll
plugin E:\Steam\steamapps\common\Skyrim\Data\SKSE\Plugins\\MemoryBlocksLog.dll (00000001 MemoryBlocksLog plugin 00000001) loaded correctly
checking plugin E:\Steam\steamapps\common\Skyrim\Data\SKSE\Plugins\\MfgConsole.dll
plugin E:\Steam\steamapps\common\Skyrim\Data\SKSE\Plugins\\MfgConsole.dll (00000001 Mfg Console plugin 00000002) loaded correctly
checking plugin E:\Steam\steamapps\common\Skyrim\Data\SKSE\Plugins\\PostmortemTFC.dll
plugin E:\Steam\steamapps\common\Skyrim\Data\SKSE\Plugins\\PostmortemTFC.dll (00000001 freedcam 00000001) loaded correctly
checking plugin E:\Steam\steamapps\common\Skyrim\Data\SKSE\Plugins\\SKSE_Elys_Uncapper.dll
plugin E:\Steam\steamapps\common\Skyrim\Data\SKSE\Plugins\\SKSE_Elys_Uncapper.dll (00000001 SKSE_Elys_Uncapper 010F0020) loaded correctly
checking plugin E:\Steam\steamapps\common\Skyrim\Data\SKSE\Plugins\\SKSE_EnhancedCamera.dll
plugin E:\Steam\steamapps\common\Skyrim\Data\SKSE\Plugins\\SKSE_EnhancedCamera.dll (00000001 EnhancedCamera 00000001) loaded correctly
checking plugin E:\Steam\steamapps\common\Skyrim\Data\SKSE\Plugins\\SchlongsOfSkyrim.dll
plugin E:\Steam\steamapps\common\Skyrim\Data\SKSE\Plugins\\SchlongsOfSkyrim.dll (00000001 SchlongsOfSkyrim 000493E4) loaded correctly
checking plugin E:\Steam\steamapps\common\Skyrim\Data\SKSE\Plugins\\SetVehicleFixPlugin.dll
plugin E:\Steam\steamapps\common\Skyrim\Data\SKSE\Plugins\\SetVehicleFixPlugin.dll (00000001 SetVehicleFixPlugin 00000001) loaded correctly
checking plugin E:\Steam\steamapps\common\Skyrim\Data\SKSE\Plugins\\SexLabUtil.dll
plugin E:\Steam\steamapps\common\Skyrim\Data\SKSE\Plugins\\SexLabUtil.dll (00000001 SexLabUtil 00000001) loaded correctly
checking plugin E:\Steam\steamapps\common\Skyrim\Data\SKSE\Plugins\\StorageUtil.dll
plugin E:\Steam\steamapps\common\Skyrim\Data\SKSE\Plugins\\StorageUtil.dll (00000001 papyrusutil plugin 00000001) loaded correctly
checking plugin E:\Steam\steamapps\common\Skyrim\Data\SKSE\Plugins\\UltimateCombat.dll
plugin E:\Steam\steamapps\common\Skyrim\Data\SKSE\Plugins\\UltimateCombat.dll (00000000 Ultimate Combat Plugin 00000002) loaded correctly
checking plugin E:\Steam\steamapps\common\Skyrim\Data\SKSE\Plugins\\UltimateDragons.dll
plugin E:\Steam\steamapps\common\Skyrim\Data\SKSE\Plugins\\UltimateDragons.dll (00000001 ultimate dragons plugin 00000001) loaded correctly
checking plugin E:\Steam\steamapps\common\Skyrim\Data\SKSE\Plugins\\armor_rating_rescaled.dll
plugin E:\Steam\steamapps\common\Skyrim\Data\SKSE\Plugins\\armor_rating_rescaled.dll (00000001 armor_rating_rescaled 00000001) loaded correctly
checking plugin E:\Steam\steamapps\common\Skyrim\Data\SKSE\Plugins\\chargen.dll
registering plugin listener for SKSE at 27 of 28
plugin E:\Steam\steamapps\common\Skyrim\Data\SKSE\Plugins\\chargen.dll (00000001 chargen 00000004) loaded correctly
checking plugin E:\Steam\steamapps\common\Skyrim\Data\SKSE\Plugins\\encounter_zones_unlocked.dll
plugin E:\Steam\steamapps\common\Skyrim\Data\SKSE\Plugins\\encounter_zones_unlocked.dll (00000001 encounter_zones_unlocked 00000001) loaded correctly
checking plugin E:\Steam\steamapps\common\Skyrim\Data\SKSE\Plugins\\equip_best_ammo.dll
plugin E:\Steam\steamapps\common\Skyrim\Data\SKSE\Plugins\\equip_best_ammo.dll (00000001 equip_best_ammo 00000001) loaded correctly
checking plugin E:\Steam\steamapps\common\Skyrim\Data\SKSE\Plugins\\fiss.dll
plugin E:\Steam\steamapps\common\Skyrim\Data\SKSE\Plugins\\fiss.dll (00000001 fiss 00000001) loaded correctly
checking plugin E:\Steam\steamapps\common\Skyrim\Data\SKSE\Plugins\\havok_fix.dll
plugin E:\Steam\steamapps\common\Skyrim\Data\SKSE\Plugins\\havok_fix.dll (00000001 Havok Fix 00000002) loaded correctly
checking plugin E:\Steam\steamapps\common\Skyrim\Data\SKSE\Plugins\\hdtHighHeelNative.dll
plugin E:\Steam\steamapps\common\Skyrim\Data\SKSE\Plugins\\hdtHighHeelNative.dll (00000001 hdtHighHeelNative 00000001) loaded correctly
checking plugin E:\Steam\steamapps\common\Skyrim\Data\SKSE\Plugins\\hdtPhysicsExtensions.dll
plugin E:\Steam\steamapps\common\Skyrim\Data\SKSE\Plugins\\hdtPhysicsExtensions.dll (00000001 hdtPhysicsExtensions 00000001) loaded correctly
checking plugin E:\Steam\steamapps\common\Skyrim\Data\SKSE\Plugins\\hdtSittingHeightFix.dll
plugin E:\Steam\steamapps\common\Skyrim\Data\SKSE\Plugins\\hdtSittingHeightFix.dll (00000001 hdtHeightProtector 00000001) loaded correctly
checking plugin E:\Steam\steamapps\common\Skyrim\Data\SKSE\Plugins\\hdtSkyrimMemPatch.dll
plugin E:\Steam\steamapps\common\Skyrim\Data\SKSE\Plugins\\hdtSkyrimMemPatch.dll (00000001 hdtSkyrimMemPatch 00000001) loaded correctly
checking plugin E:\Steam\steamapps\common\Skyrim\Data\SKSE\Plugins\\improvement_names.dll
plugin E:\Steam\steamapps\common\Skyrim\Data\SKSE\Plugins\\improvement_names.dll (00000001 improvement_names 00000001) loaded correctly
checking plugin E:\Steam\steamapps\common\Skyrim\Data\SKSE\Plugins\\nioverride.dll
registering plugin listener for SKSE at 37 of 38
registering plugin listener for (null) at 37 of 38
plugin E:\Steam\steamapps\common\Skyrim\Data\SKSE\Plugins\\nioverride.dll (00000001 nioverride 00000006) loaded correctly
checking plugin E:\Steam\steamapps\common\Skyrim\Data\SKSE\Plugins\\showRaceMenu_preCacheKiller.dll
plugin E:\Steam\steamapps\common\Skyrim\Data\SKSE\Plugins\\showRaceMenu_preCacheKiller.dll (00000001 ShowRaceMenu preCacheKiller plugin 00000001) loaded correctly
checking plugin E:\Steam\steamapps\common\Skyrim\Data\SKSE\Plugins\\tkplugin.dll
plugin E:\Steam\steamapps\common\Skyrim\Data\SKSE\Plugins\\tkplugin.dll (00000001 tktk plugin 00000001) loaded correctly
checking plugin E:\Steam\steamapps\common\Skyrim\Data\SKSE\Plugins\\to_your_face.dll
plugin E:\Steam\steamapps\common\Skyrim\Data\SKSE\Plugins\\to_your_face.dll (00000001 to_your_face 00000001) loaded correctly
checking plugin E:\Steam\steamapps\common\Skyrim\Data\SKSE\Plugins\\zzEstrusUtil.dll
plugin E:\Steam\steamapps\common\Skyrim\Data\SKSE\Plugins\\zzEstrusUtil.dll (00000001 zzEstrusUtil 00000001) loaded correctly
dispatch message (0) to plugin listeners
sending message type 0 to plugin 11
sending message type 0 to plugin 14
sending message type 0 to plugin 27
dispatch message (0) to plugin listeners
sending message type 0 to plugin 37
dispatched message.
dispatch message (1) to plugin listeners
sending message type 1 to plugin 11
dispatch message (1) to plugin listeners
sending message type 1 to plugin 37
dispatched message.
sending message type 1 to plugin 14
sending message type 1 to plugin 27
sending message type 1 to plugin 37
dispatched message.
init complete
hooked dinput
dispatch message (6) to plugin listeners
sending message type 6 to plugin 11
sending message type 6 to plugin 14
sending message type 6 to plugin 27
sending message type 6 to plugin 37
dispatched message.
SetUnhandledExceptionFilter_Hook: 00CAC8A0
Reading translations from Interface\Translations\hdtHighHeel_ENGLISH.txt...
Reading translations from Interface\Translations\SexLab_ENGLISH.txt...
Reading translations from Interface\Translations\SexLabAroused_ENGLISH.txt...
Reading translations from Interface\Translations\ZaZAnimationPack_ENGLISH.txt...
Reading translations from Interface\Translations\BeeingFemale_ENGLISH.txt...
Reading translations from Interface\Translations\CreatureFramework_ENGLISH.txt...
Reading translations from Interface\Translations\EFFCore_ENGLISH.txt...
Reading translations from Interface\Translations\Schlongs of Skyrim - Core_ENGLISH.txt...
Reading translations from Interface\Translations\XPMSE_ENGLISH.txt...
Reading translations from Interface\Translations\CharacterMakingExtender_ENGLISH.txt...
Reading translations from Interface\Translations\Run For Your Lives_ENGLISH.txt...
Reading translations from Interface\Translations\SkyUI_ENGLISH.txt...
Reading translations from Interface\Translations\UIExtensions_ENGLISH.txt...
Reading translations from Interface\Translations\LessIntrusiveHUD_ENGLISH.txt...
Reading translations from Interface\Translations\Attribute Icon Widget_ENGLISH.txt...
Reading translations from Interface\Translations\SexLab Inflation Framework_ENGLISH.txt...
Reading translations from Interface\Translations\hothtrooper44_ArmorCompilation_ENGLISH.txt...
Reading translations from Interface\Translations\Complete Crafting Overhaul_Remade_ENGLISH.txt...
Reading translations from Interface\Translations\When Vampires Attack_ENGLISH.txt...
Reading translations from Interface\Translations\DeadlyMonsters_ENGLISH.txt...
Reading translations from Interface\Translations\UltimateDragons_ENGLISH.txt...
Reading translations from Interface\Translations\AchieveThat_ENGLISH.txt...
Reading translations from Interface\Translations\UltimateCombat_ENGLISH.txt...
Reading translations from Interface\Translations\zzzSXP_ENGLISH.txt...
Reading translations from Interface\Translations\AMatterOfTime_ENGLISH.txt...
Reading translations from Interface\Translations\sr_FillHerUp_ENGLISH.txt...
Reading translations from Interface\Translations\VioLens_ENGLISH.txt...
Reading translations from Interface\Translations\SexLabDefeat_ENGLISH.txt...
Reading translations from Interface\Translations\PC Head Tracking - MCM_ENGLISH.txt...
Reading translations from Interface\Translations\SLAnimLoader_ENGLISH.txt...
Reading translations from Interface\Translations\Skyrim Immersive Creatures_ENGLISH.txt...
Reading translations from Interface\Translations\EstrusChaurus_ENGLISH.txt...
Reading translations from Interface\Translations\EstrusSpider_ENGLISH.txt...
Reading translations from Interface\Translations\SexLabHorribleHarassment_ENGLISH.txt...
Reading translations from Interface\Translations\Vivid Weathers_ENGLISH.txt...
Reading translations from Interface\Translations\SLPGN_ENGLISH.txt...
Reading translations from Interface\Translations\TKDodge_ENGLISH.txt...
Reading translations from Interface\Translations\DW_ENGLISH.txt...
Reading translations from Interface\Translations\LootandDegradation_ENGLISH.txt...
Reading translations from Interface\Translations\mslDeviousCaptures_ENGLISH.txt...
Reading translations from Interface\Translations\DeviouslyHelpless_ENGLISH.txt...
Reading translations from Interface\Translations\sanguinesDebauchery_ENGLISH.txt...
Reading translations from Interface\Translations\Facelight_ENGLISH.txt...
Reading translations from Interface\Translations\AddItemMenu2_ENGLISH.txt...
Reading translations from Interface\Translations\Customizable Camera_ENGLISH.txt...
Reading translations from Interface\Translations\SexLab Approach_ENGLISH.txt...
dispatch message (8) to plugin listeners
sending message type 8 to plugin 11
sending message type 8 to plugin 14
sending message type 8 to plugin 27
sending message type 8 to plugin 37
dispatched message.
save name is Save 734 - Malet                         (Fort Snowhawk)  17.50.01
full save path: C:\Users\0dldl\Documents\My Games\Skyrim\__MOProfileSave__\\Save 734 - Malet                         (Fort Snowhawk)  17.50.01.skse
dispatch message (2) to plugin listeners
sending message type 2 to plugin 11
sending message type 2 to plugin 14
sending message type 2 to plugin 27
sending message type 2 to plugin 37
dispatched message.
dispatch message (3) to plugin listeners
sending message type 3 to plugin 11
sending message type 3 to plugin 14
sending message type 3 to plugin 27
sending message type 3 to plugin 37
dispatched message.
cleared save path
save name is Save 734 - Malet                         (Fort Snowhawk)  17.50.01
full save path: C:\Users\0dldl\Documents\My Games\Skyrim\__MOProfileSave__\\Save 734 - Malet                         (Fort Snowhawk)  17.50.01.skse
dispatch message (2) to plugin listeners
sending message type 2 to plugin 11
sending message type 2 to plugin 14
sending message type 2 to plugin 27
sending message type 2 to plugin 37
dispatched message.
loading co-save
Loading mod list:
	(0 -> 0)	Skyrim.esm
	(1 -> 1)	Update.esm
	(2 -> 2)	Dawnguard.esm
	(3 -> 3)	HearthFires.esm
	(4 -> 4)	Dragonborn.esm
	(5 -> 5)	hdtHighHeel.esm
	(6 -> 6)	SGHairPackBase.esm
	(7 -> 7)	SPIKE.esm
	(8 -> 8)	SexLab.esm
	(9 -> 9)	SexLabAroused.esm
	(10 -> 10)	Heels Sound.esm
	(11 -> 11)	ZaZAnimationPack.esm
	(12 -> 12)	TERAArmors.esm
	(13 -> 13)	Devious Devices - Assets.esm
	(14 -> 14)	Devious Devices - Integration.esm
	(15 -> 15)	Devious Devices - Expansion.esm
	(16 -> 16)	BeeingFemale.esm
	(17 -> 17)	Falskaar.esm
	(18 -> 18)	CreatureFramework.esm
	(19 -> 19)	EFFCore.esm
	(20 -> 20)	Extra Encounters Reborn - Basic.esm
	(21 -> 21)	Unofficial Skyrim Legendary Edition Patch.esp
	(22 -> 22)	RaceCompatibility.esm
	(23 -> 23)	RSkyrimChildren.esm
	(24 -> 24)	Skyrim Project Optimization - Full Version.esm
	(25 -> 25)	BaboFollowers.esp
	(26 -> 26)	Schlongs of Skyrim - Core.esm
	(27 -> 27)	Alternate Start - Live Another Life.esp
	(28 -> 28)	FNIS.esp
	(29 -> 29)	XPMSE.esp
	(30 -> 30)	Cutting Room Floor.esp
	(31 -> 31)	The Paarthurnax Dilemma.esp
	(32 -> 32)	SMIM-Merged-All.esp
	(33 -> 33)	FISS.esp
	(34 -> 34)	CharacterMakingExtender.esp
	(35 -> 35)	SkyTweak.esp
	(36 -> 36)	AOS.esp
	(37 -> 37)	BaboSound.esp
	(38 -> 38)	LyPlayerVoice.esp
	(39 -> 39)	Run For Your Lives.esp
	(40 -> 40)	High level enemies merge.esp
	(41 -> 41)	Immersive Dragonborn.esp
	(42 -> 42)	more plants all extra.esp
	(43 -> 43)	Place2Sleep.esp
	(44 -> 44)	RSChildren.esp
	(45 -> 45)	EFFDialogue.esp
	(46 -> 46)	SkyUI.esp
	(47 -> 47)	UIExtensions.esp
	(48 -> 48)	iHUD.esp
	(49 -> 49)	LessIntrusiveHUD.esp
	(50 -> 50)	Attribute Icon Widget.esp
	(51 -> 51)	WM_WidgetMod.esp
	(52 -> 52)	SexLab Inflation Framework.esp
	(53 -> 53)	FootIKOffSpell.esp
	(54 -> 54)	BaboInteractiveDia.esp
	(55 -> 55)	hothtrooper44_ArmorCompilation.esp
	(56 -> 56)	Hothtrooper44_Armor_Ecksstra.esp
	(57 -> 57)	ImCh - RSC Patch.esp
	(58 -> 58)	Extra Encounter M.esp
	(59 -> 59)	Pretty Boobies.esp
	(60 -> 60)	Weapon Series 01.esp
	(61 -> 61)	Weapon Series 02.esp
	(62 -> 62)	Weapon Series 03.esp
	(63 -> 63)	MLU.esp
	(64 -> 64)	Complete Crafting Overhaul_Remade.esp
	(65 -> 65)	Weapons & Armor Fixes_Remade.esp
	(66 -> 66)	Weapons & Armor_TrueWeaponsLvlLists.esp
	(67 -> 67)	aMidianborn_Skyforge_Weapons.esp
	(68 -> 68)	TERA Weapons.esp
	(69 -> 69)	ElementalArrows.esp
	(70 -> 70)	MiscItem Series 01.esp
	(71 -> 71)	Armor Series 01.esp
	(72 -> 72)	Armor Series 02.esp
	(73 -> 73)	Armor Series 03.esp
	(74 -> 74)	Armor Series 04.esp
	(75 -> 75)	Armor Series 05.esp
	(76 -> 76)	Armor Series 06.esp
	(77 -> 77)	Armor Series 07.esp
	(78 -> 78)	Armor Series LadyHourTera.esp
	(79 -> 79)	TERAArmorsAddon.esp
	(80 -> 80)	BaboExtension.esp
	(81 -> 81)	BaboFollowerPack01.esp
	(82 -> 82)	Populated Skyrim Legendary.esp
	(83 -> 83)	KS Hairdo's.esp
	(84 -> 84)	Mini Vamps.esp
	(85 -> 85)	LC_immersiveLoot.esp
	(86 -> 86)	ERSO 02 - Enhanced Fauna and Monsters for Skyrim.esp
	(87 -> 87)	ERSO 12 - RUS-(SIM)-Werewolves.esp
	(88 -> 88)	ERSO 30 - Better Enemy AI Dawnguard&Dragonborn.esp
	(89 -> 89)	When Vampires Attack.esp
	(90 -> 90)	DeadlyMonsters.esp
	(91 -> 91)	UltimateDragons.esp
	(92 -> 92)	AchieveThat.esp
	(93 -> 93)	Deadly Traps.esp
	(94 -> 94)	Guard Dialogue Overhaul.esp
	(95 -> 95)	Increased Bounty & Guild Rewards.esp
	(96 -> 96)	Proper Aiming.esp
	(97 -> 97)	RealisticHumanoidMovementSpeed.esp
	(98 -> 98)	Rebirth Monster.esp
	(99 -> 99)	dD - Enhanced Blood Main.esp
	(100 -> 100)	TimingIsEverything.esp
	(101 -> 101)	Ordinator - Perks of Skyrim.esp
	(102 -> 102)	BaboCustomization.esp
	(103 -> 103)	NoCraftingSkillSynergy.esp
	(104 -> 104)	SkyRealism - Time and Travel.esp
	(105 -> 105)	UltimateCombat.esp
	(106 -> 106)	NoInfinitePowerAttack.esp
	(107 -> 107)	ABT Customized.esp
	(108 -> 108)	dD-No Spinning Death Animation.esp
	(109 -> 109)	OrientalBrows.esp
	(110 -> 110)	SGEyebrows.esp
	(111 -> 111)	SGHairPackAIO.esp
	(112 -> 112)	TheEyesOfBeauty.esp
	(113 -> 113)	SBF All In One + DLC.esp
	(114 -> 114)	dD - Realistic Ragdoll Force - Realistic.esp
	(115 -> 115)	EnhancedCharacterEdit.esp
	(116 -> 116)	JH_PeopleMerged.esp
	(117 -> 117)	BseranaBJordisFixed.esp
	(118 -> 118)	NoSuperParalize.esp
	(119 -> 119)	NPCWaterAIScripted.esp
	(120 -> 120)	Fantasy Soundtrack Project Plus.esp
	(121 -> 121)	SkyTest - Anmimalbehaviors AllDLC.esp
	(122 -> 122)	Males of Skyrim.esp
	(123 -> 123)	OBIS.esp
	(124 -> 124)	OBISDB.esp
	(125 -> 125)	SGeyes.esp
	(126 -> 126)	Sleeping Innkeepers.esp
	(127 -> 127)	SleepTight.esp
	(128 -> 128)	-Stickier_Arrows- Fix.esp
	(129 -> 129)	SOT-Sleeping.esp
	(130 -> 130)	zzzSXP.esp
	(131 -> 131)	DifficultArchery_70.esp
	(132 -> 132)	MoreNastyCritters.esp
	(133 -> 133)	HentaiCreatures.esp
	(134 -> 134)	AMatterOfTime.esp
	(135 -> 135)	WerewolfPerksExpanded.esp
	(136 -> 136)	Real Feeding V3.esp
	(137 -> 137)	sr_FillHerUp.esp
	(138 -> 138)	SSLToys.esp
	(139 -> 139)	Solstheim Landscape Overhaul.esp
	(140 -> 140)	VioLens.esp
	(141 -> 141)	Unique Unique.esp
	(142 -> 142)	paralysis and crops.esp
	(143 -> 143)	SexLabDefeat.esp
	(144 -> 144)	Apropos.esp
	(145 -> 145)	SlaveTats.esp
	(146 -> 146)	BullseyePerkParalyzeBugFix.esp
	(147 -> 147)	ArmyReforms.esp
	(148 -> 148)	Varied_Vigilants.esp
	(149 -> 149)	CrossBowEnhanced.esp
	(150 -> 150)	HHairstylesCom.esp
	(151 -> 151)	PC Head Tracking - MCM.esp
	(152 -> 152)	PC Head Tracking - Patch.esp
	(153 -> 153)	HiringFoes.esp
	(154 -> 154)	EyesSGlasses.esp
	(155 -> 155)	Mortal Enemies.esp
	(156 -> 156)	BeeingFemaleBasicAddOn.esp
	(157 -> 157)	BFA_CreatureChildActors_V+DG+DB.esp
	(158 -> 158)	BaboBasic.esp
	(159 -> 159)	EmpoweredM.esp
	(160 -> 160)	Immersive Potions.esp
	(161 -> 161)	SPTConsistentOlderPeople.esp
	(162 -> 162)	CollegeOfWinterholdImmersive.esp
	(163 -> 163)	Slaves Tragedy.esp
	(164 -> 164)	FNIS_PCEA2.esp
	(165 -> 165)	TheAmazingWorldOfBikiniArmor.esp
	(166 -> 166)	Rebirth Monster - OBIS Patch.esp
	(167 -> 167)	SLAnimLoader.esp
	(168 -> 168)	SLAL_Animobj.esp
	(169 -> 169)	SimpleSlavery.esp
	(170 -> 170)	Simple Slavery Defeat.esp
	(171 -> 171)	Skyrim Immersive Creatures.esp
	(172 -> 172)	Skyrim Immersive Creatures - DLC2.esp
	(173 -> 173)	Skyrim Immersive Creatures - Patch.esp
	(174 -> 174)	BDIC.esp
	(175 -> 175)	EstrusChaurus.esp
	(176 -> 176)	EstrusSpider.esp
	(177 -> 177)	SexLabHorribleHarassment.esp
	(178 -> 178)	HDTSextoys.esp
	(179 -> 179)	RealisticWaterTwo.esp
	(180 -> 180)	Realistic Two Merged.esp
	(181 -> 181)	Immersive Sounds - Weaponry.esp
	(182 -> 182)	AOS_PatchMerged.esp
	(183 -> 183)	Tamriel Reloaded HD.esp
	(184 -> 184)	Vivid Weathers.esp
	(185 -> 185)	Vivid Weathers Patch Merged.esp
	(186 -> 186)	ELE_Legendary_Lite.esp
	(187 -> 187)	OpulentOutfits_Replacer-2016.esp
	(188 -> 188)	LightAdjustmentAbove.esp
	(189 -> 189)	NoRadialBlur.esp
	(190 -> 190)	OrganicVoice.esp
	(191 -> 191)	SLPGN.esp
	(192 -> 192)	Falskaar addon.esp
	(193 -> 193)	Alternate Start Babo Tweak.esp
	(194 -> 194)	Real Clouds.esp
	(195 -> 195)	SilentSneakKills.esp
	(196 -> 196)	PotionAnimatedFix.esp
	(197 -> 197)	BaboHairPack01.esp
	(198 -> 198)	TKDodge.esp
	(199 -> 199)	DW.esp
	(200 -> 200)	LootandDegradation.esp
	(201 -> 201)	SexLab_Solutions.esp
	(202 -> 202)	mslDeviousCaptures.esp
	(203 -> 203)	DeviouslyHelpless.esp
	(204 -> 204)	SexLabSexBounty.esp
	(205 -> 205)	sanguinesDebauchery.esp
	(206 -> 206)	SexLab_Dialogues.esp
	(207 -> 207)	FtM_3.esp
	(208 -> 208)	Additional Player Voices for Skyrim.esp
	(209 -> 209)	HavenBag.esp
	(210 -> 210)	Facelight.esp
	(211 -> 211)	Schlongs of Skyrim.esp
	(212 -> 212)	SOS - VectorPlexus Regular Addon.esp
	(213 -> 213)	AddItemMenu2.esp
	(214 -> 214)	SAM Music Overhaul.esp
	(215 -> 215)	Customizable Camera.esp
	(216 -> 216)	Rya-re.esp
	(217 -> 217)	SexLab Approach.esp
	(218 -> 218)	Skyrim Particle Patch for ENB - Flame Atronach Fix.esp
	(219 -> 219)	SLAL_AnimationByBakaFactory.esp
	(220 -> 220)	Tongueswcript.esp
	(221 -> 221)	Mosakaeru's Followers Vol1 - Farith.esp
	(222 -> 222)	Follower - BeeDee.esp
	(223 -> 223)	KCEBattleClaws.esp
	(224 -> 224)	HentaiGaleArmor.esp
	(225 -> 225)	HentaiVoidArmor.esp
	(226 -> 226)	Ghosu - Project Flintlock.esp
	(227 -> 227)	[NINI]Sister.esp
	(228 -> 255)	Osare Panty.esp
Loading menu open/close event registrations...
Loading key input event registrations...
Loading control input event registrations...
Loading mod callback event registrations...
Loading crosshair ref event registrations...
Loading camera event registrations...
Loading actor action event registrations...
Unhandled chunk type in Core_LoadCallback: 4E494E55 (UNIN)
Loading SKSEPersistentObjectStorage data...
Loading SKSEDelayFunctorManager data...
dispatch message (3) to plugin listeners
sending message type 3 to plugin 11
sending message type 3 to plugin 14
sending message type 3 to plugin 27
sending message type 3 to plugin 37
dispatched message.
cleared save path
WidgetLoader.as: setRootPath(a_path = exported/)
WidgetLoader.as: loadWidget(a_widgetID = 0, a_widgetSource = BeeingFemale/BeeingFemaleWid1.swf)
WidgetLoader.as: loadWidget(a_widgetID = 1, a_widgetSource = BeeingFemale/BeeingFemaleWid2.swf)
WidgetLoader.as: loadWidget(a_widgetID = 2, a_widgetSource = BeeingFemale/BeeingFemaleWid3.swf)
WidgetLoader.as: loadWidget(a_widgetID = 3, a_widgetSource = BeeingFemale/BeeingFemaleWid4.swf)
WidgetLoader.as: loadWidget(a_widgetID = 4, a_widgetSource = BeeingFemale/BeeingFemaleCoupleWid.swf)
WidgetLoader.as: loadWidget(a_widgetID = 5, a_widgetSource = BeeingFemale/BeeingFemaleWid5.swf)
WidgetLoader.as: loadWidget(a_widgetID = 6, a_widgetSource = skyui/followerpanel.swf)
WidgetLoader.as: loadWidget(a_widgetID = 7, a_widgetSource = skyui/activeeffects.swf)
WidgetLoader.as: loadWidget(a_widgetID = 8, a_widgetSource = AIW/AttributeIconWidget.swf)
WidgetLoader.as: loadWidget(a_widgetID = 9, a_widgetSource = WM/WM_LockpickCount.swf)
WidgetLoader.as: loadWidget(a_widgetID = 10, a_widgetSource = WM/WM_HorseCount.swf)
WidgetLoader.as: loadWidget(a_widgetID = 11, a_widgetSource = WM/WM_GoldCount.swf)
WidgetLoader.as: loadWidget(a_widgetID = 12, a_widgetSource = WM/WM_FollowerCount.swf)
WidgetLoader.as: loadWidget(a_widgetID = 13, a_widgetSource = WM/WM_LightCount.swf)
WidgetLoader.as: loadWidget(a_widgetID = 14, a_widgetSource = WM/WM_SkillCount.swf)
WidgetLoader.as: loadWidget(a_widgetID = 15, a_widgetSource = WM/WM_AttributeCount.swf)
WidgetLoader.as: loadWidget(a_widgetID = 16, a_widgetSource = WM/WM_EssentialCount.swf)
WidgetLoader.as: loadWidget(a_widgetID = 17, a_widgetSource = WM/WM_HotkeyCount.swf)
WidgetLoader.as: loadWidget(a_widgetID = 18, a_widgetSource = WM/WM_ArrowCount.swf)
WidgetLoader.as: loadWidget(a_widgetID = 19, a_widgetSource = WM/WM_SpeedCount.swf)
WidgetLoader.as: loadWidget(a_widgetID = 20, a_widgetSource = WM/WM_BountyCount.swf)
WidgetLoader.as: loadWidget(a_widgetID = 21, a_widgetSource = WM/WM_WeightCount.swf)
WidgetLoader.as: loadWidget(a_widgetID = 22, a_widgetSource = AMOTClockWidget.swf)
WidgetLoader.as: loadWidget(a_widgetID = 23, a_widgetSource = AMOTClockWidget.swf)
WidgetLoader.as: loadWidget(a_widgetID = 24, a_widgetSource = AMOTDateWidget.swf)
WidgetLoader.as: loadWidget(a_widgetID = 25, a_widgetSource = AMOTDateWidget.swf)
WidgetLoader.as: loadWidget(a_widgetID = 26, a_widgetSource = amotsymbolwidget.swf)
WidgetLoader.as: loadWidget(a_widgetID = 27, a_widgetSource = amotsymbolwidget.swf)
WidgetLoader.as: loadWidget(a_widgetID = 28, a_widgetSource = defeat/meter.swf)
WidgetLoader.as: loadWidget(a_widgetID = 29, a_widgetSource = Apropos/MessageWidget.swf)
WidgetLoader.as: loadWidget(a_widgetID = 30, a_widgetSource = Apropos/MessageWidget.swf)
WidgetLoader.as: loadWidget(a_widgetID = 31, a_widgetSource = Apropos/MessageWidget.swf)
WidgetLoader.as: loadWidget(a_widgetID = 32, a_widgetSource = Apropos/MessageWidget.swf)
WidgetLoader.as: loadWidget(a_widgetID = 33, a_widgetSource = Apropos/MessageWidget.swf)
WidgetLoader.as: loadWidget(a_widgetID = 34, a_widgetSource = Apropos/MessageWidget.swf)
WidgetLoader.as: loadWidget(a_widgetID = 35, a_widgetSource = Apropos/MessageWidget.swf)
WidgetLoader.as: loadWidget(a_widgetID = 36, a_widgetSource = Apropos/MessageWidget.swf)
WidgetLoader.as: loadWidget(a_widgetID = 37, a_widgetSource = Apropos/MessageWidget.swf)
WidgetLoader.as: loadWidget(a_widgetID = 38, a_widgetSource = Apropos/MessageWidget.swf)
WidgetLoader.as: loadWidget(a_widgetID = 39, a_widgetSource = lootanddegradation/equipicons.swf)
AMOT now switching to symbol skydial
AMOT now switching to symbol skydial
AMOT now switching to symbol SkyDial
AMOT now switching to symbol PictureOfTheDay
save name is Save 735 - Malet                         (Fort Snowhawk)  17.57.14
full save path: C:\Users\0dldl\Documents\My Games\Skyrim\__MOProfileSave__\\Save 735 - Malet                         (Fort Snowhawk)  17.57.14.skse
dispatch message (4) to plugin listeners
sending message type 4 to plugin 11
sending message type 4 to plugin 14
sending message type 4 to plugin 27
sending message type 4 to plugin 37
dispatched message.
creating co-save
Saving mod list:
	(0)	Skyrim.esm
	(1)	Update.esm
	(2)	Dawnguard.esm
	(3)	HearthFires.esm
	(4)	Dragonborn.esm
	(5)	hdtHighHeel.esm
	(6)	SGHairPackBase.esm
	(7)	SPIKE.esm
	(8)	SexLab.esm
	(9)	SexLabAroused.esm
	(10)	Heels Sound.esm
	(11)	ZaZAnimationPack.esm
	(12)	TERAArmors.esm
	(13)	Devious Devices - Assets.esm
	(14)	Devious Devices - Integration.esm
	(15)	Devious Devices - Expansion.esm
	(16)	BeeingFemale.esm
	(17)	Falskaar.esm
	(18)	CreatureFramework.esm
	(19)	EFFCore.esm
	(20)	Extra Encounters Reborn - Basic.esm
	(21)	Unofficial Skyrim Legendary Edition Patch.esp
	(22)	RaceCompatibility.esm
	(23)	RSkyrimChildren.esm
	(24)	Skyrim Project Optimization - Full Version.esm
	(25)	BaboFollowers.esp
	(26)	Schlongs of Skyrim - Core.esm
	(27)	Alternate Start - Live Another Life.esp
	(28)	FNIS.esp
	(29)	XPMSE.esp
	(30)	Cutting Room Floor.esp
	(31)	The Paarthurnax Dilemma.esp
	(32)	SMIM-Merged-All.esp
	(33)	FISS.esp
	(34)	CharacterMakingExtender.esp
	(35)	SkyTweak.esp
	(36)	AOS.esp
	(37)	BaboSound.esp
	(38)	LyPlayerVoice.esp
	(39)	Run For Your Lives.esp
	(40)	High level enemies merge.esp
	(41)	Immersive Dragonborn.esp
	(42)	more plants all extra.esp
	(43)	Place2Sleep.esp
	(44)	RSChildren.esp
	(45)	EFFDialogue.esp
	(46)	SkyUI.esp
	(47)	UIExtensions.esp
	(48)	iHUD.esp
	(49)	LessIntrusiveHUD.esp
	(50)	Attribute Icon Widget.esp
	(51)	WM_WidgetMod.esp
	(52)	SexLab Inflation Framework.esp
	(53)	FootIKOffSpell.esp
	(54)	BaboInteractiveDia.esp
	(55)	hothtrooper44_ArmorCompilation.esp
	(56)	Hothtrooper44_Armor_Ecksstra.esp
	(57)	ImCh - RSC Patch.esp
	(58)	Extra Encounter M.esp
	(59)	Pretty Boobies.esp
	(60)	Weapon Series 01.esp
	(61)	Weapon Series 02.esp
	(62)	Weapon Series 03.esp
	(63)	MLU.esp
	(64)	Complete Crafting Overhaul_Remade.esp
	(65)	Weapons & Armor Fixes_Remade.esp
	(66)	Weapons & Armor_TrueWeaponsLvlLists.esp
	(67)	aMidianborn_Skyforge_Weapons.esp
	(68)	TERA Weapons.esp
	(69)	ElementalArrows.esp
	(70)	MiscItem Series 01.esp
	(71)	Armor Series 01.esp
	(72)	Armor Series 02.esp
	(73)	Armor Series 03.esp
	(74)	Armor Series 04.esp
	(75)	Armor Series 05.esp
	(76)	Armor Series 06.esp
	(77)	Armor Series 07.esp
	(78)	Armor Series LadyHourTera.esp
	(79)	TERAArmorsAddon.esp
	(80)	BaboExtension.esp
	(81)	BaboFollowerPack01.esp
	(82)	Populated Skyrim Legendary.esp
	(83)	KS Hairdo's.esp
	(84)	Mini Vamps.esp
	(85)	LC_immersiveLoot.esp
	(86)	ERSO 02 - Enhanced Fauna and Monsters for Skyrim.esp
	(87)	ERSO 12 - RUS-(SIM)-Werewolves.esp
	(88)	ERSO 30 - Better Enemy AI Dawnguard&Dragonborn.esp
	(89)	When Vampires Attack.esp
	(90)	DeadlyMonsters.esp
	(91)	UltimateDragons.esp
	(92)	AchieveThat.esp
	(93)	Deadly Traps.esp
	(94)	Guard Dialogue Overhaul.esp
	(95)	Increased Bounty & Guild Rewards.esp
	(96)	Proper Aiming.esp
	(97)	RealisticHumanoidMovementSpeed.esp
	(98)	Rebirth Monster.esp
	(99)	dD - Enhanced Blood Main.esp
	(100)	TimingIsEverything.esp
	(101)	Ordinator - Perks of Skyrim.esp
	(102)	BaboCustomization.esp
	(103)	NoCraftingSkillSynergy.esp
	(104)	SkyRealism - Time and Travel.esp
	(105)	UltimateCombat.esp
	(106)	NoInfinitePowerAttack.esp
	(107)	ABT Customized.esp
	(108)	dD-No Spinning Death Animation.esp
	(109)	OrientalBrows.esp
	(110)	SGEyebrows.esp
	(111)	SGHairPackAIO.esp
	(112)	TheEyesOfBeauty.esp
	(113)	SBF All In One + DLC.esp
	(114)	dD - Realistic Ragdoll Force - Realistic.esp
	(115)	EnhancedCharacterEdit.esp
	(116)	JH_PeopleMerged.esp
	(117)	BseranaBJordisFixed.esp
	(118)	NoSuperParalize.esp
	(119)	NPCWaterAIScripted.esp
	(120)	Fantasy Soundtrack Project Plus.esp
	(121)	SkyTest - Anmimalbehaviors AllDLC.esp
	(122)	Males of Skyrim.esp
	(123)	OBIS.esp
	(124)	OBISDB.esp
	(125)	SGeyes.esp
	(126)	Sleeping Innkeepers.esp
	(127)	SleepTight.esp
	(128)	-Stickier_Arrows- Fix.esp
	(129)	SOT-Sleeping.esp
	(130)	zzzSXP.esp
	(131)	DifficultArchery_70.esp
	(132)	MoreNastyCritters.esp
	(133)	HentaiCreatures.esp
	(134)	AMatterOfTime.esp
	(135)	WerewolfPerksExpanded.esp
	(136)	Real Feeding V3.esp
	(137)	sr_FillHerUp.esp
	(138)	SSLToys.esp
	(139)	Solstheim Landscape Overhaul.esp
	(140)	VioLens.esp
	(141)	Unique Unique.esp
	(142)	paralysis and crops.esp
	(143)	SexLabDefeat.esp
	(144)	Apropos.esp
	(145)	SlaveTats.esp
	(146)	BullseyePerkParalyzeBugFix.esp
	(147)	ArmyReforms.esp
	(148)	Varied_Vigilants.esp
	(149)	CrossBowEnhanced.esp
	(150)	HHairstylesCom.esp
	(151)	PC Head Tracking - MCM.esp
	(152)	PC Head Tracking - Patch.esp
	(153)	HiringFoes.esp
	(154)	EyesSGlasses.esp
	(155)	Mortal Enemies.esp
	(156)	BeeingFemaleBasicAddOn.esp
	(157)	BFA_CreatureChildActors_V+DG+DB.esp
	(158)	BaboBasic.esp
	(159)	EmpoweredM.esp
	(160)	Immersive Potions.esp
	(161)	SPTConsistentOlderPeople.esp
	(162)	CollegeOfWinterholdImmersive.esp
	(163)	Slaves Tragedy.esp
	(164)	FNIS_PCEA2.esp
	(165)	TheAmazingWorldOfBikiniArmor.esp
	(166)	Rebirth Monster - OBIS Patch.esp
	(167)	SLAnimLoader.esp
	(168)	SLAL_Animobj.esp
	(169)	SimpleSlavery.esp
	(170)	Simple Slavery Defeat.esp
	(171)	Skyrim Immersive Creatures.esp
	(172)	Skyrim Immersive Creatures - DLC2.esp
	(173)	Skyrim Immersive Creatures - Patch.esp
	(174)	BDIC.esp
	(175)	EstrusChaurus.esp
	(176)	EstrusSpider.esp
	(177)	SexLabHorribleHarassment.esp
	(178)	HDTSextoys.esp
	(179)	RealisticWaterTwo.esp
	(180)	Realistic Two Merged.esp
	(181)	Immersive Sounds - Weaponry.esp
	(182)	AOS_PatchMerged.esp
	(183)	Tamriel Reloaded HD.esp
	(184)	Vivid Weathers.esp
	(185)	Vivid Weathers Patch Merged.esp
	(186)	ELE_Legendary_Lite.esp
	(187)	OpulentOutfits_Replacer-2016.esp
	(188)	LightAdjustmentAbove.esp
	(189)	NoRadialBlur.esp
	(190)	OrganicVoice.esp
	(191)	SLPGN.esp
	(192)	Falskaar addon.esp
	(193)	Alternate Start Babo Tweak.esp
	(194)	Real Clouds.esp
	(195)	SilentSneakKills.esp
	(196)	PotionAnimatedFix.esp
	(197)	BaboHairPack01.esp
	(198)	TKDodge.esp
	(199)	DW.esp
	(200)	LootandDegradation.esp
	(201)	SexLab_Solutions.esp
	(202)	mslDeviousCaptures.esp
	(203)	DeviouslyHelpless.esp
	(204)	SexLabSexBounty.esp
	(205)	sanguinesDebauchery.esp
	(206)	SexLab_Dialogues.esp
	(207)	FtM_3.esp
	(208)	Additional Player Voices for Skyrim.esp
	(209)	HavenBag.esp
	(210)	Facelight.esp
	(211)	Schlongs of Skyrim.esp
	(212)	SOS - VectorPlexus Regular Addon.esp
	(213)	AddItemMenu2.esp
	(214)	SAM Music Overhaul.esp
	(215)	Customizable Camera.esp
	(216)	Rya-re.esp
	(217)	SexLab Approach.esp
	(218)	Skyrim Particle Patch for ENB - Flame Atronach Fix.esp
	(219)	SLAL_AnimationByBakaFactory.esp
	(220)	Tongueswcript.esp
	(221)	Mosakaeru's Followers Vol1 - Farith.esp
	(222)	Follower - BeeDee.esp
	(223)	KCEBattleClaws.esp
	(224)	HentaiGaleArmor.esp
	(225)	HentaiVoidArmor.esp
	(226)	Ghosu - Project Flintlock.esp
	(227)	[NINI]Sister.esp
Saving menu open/close event registrations...
Saving key input event registrations...
Saving control input event registrations...
Saving mod callback event registrations...
Saving crosshair ref event registrations...
Saving camera event registrations...
Saving actor action event registrations...
Saving NiNode update event registrations...
Saving SKSEPersistentObjectStorage data...
Saving SKSEDelayFunctorManager data...
cleared save path
save name is Save 735 - Malet                         (Fort Snowhawk)  17.57.14
full save path: C:\Users\0dldl\Documents\My Games\Skyrim\__MOProfileSave__\\Save 735 - Malet                         (Fort Snowhawk)  17.57.14.skse
dispatch message (2) to plugin listeners
sending message type 2 to plugin 11
sending message type 2 to plugin 14
sending message type 2 to plugin 27
sending message type 2 to plugin 37
dispatched message.
loading co-save
Loading mod list:
	(0 -> 0)	Skyrim.esm
	(1 -> 1)	Update.esm
	(2 -> 2)	Dawnguard.esm
	(3 -> 3)	HearthFires.esm
	(4 -> 4)	Dragonborn.esm
	(5 -> 5)	hdtHighHeel.esm
	(6 -> 6)	SGHairPackBase.esm
	(7 -> 7)	SPIKE.esm
	(8 -> 8)	SexLab.esm
	(9 -> 9)	SexLabAroused.esm
	(10 -> 10)	Heels Sound.esm
	(11 -> 11)	ZaZAnimationPack.esm
	(12 -> 12)	TERAArmors.esm
	(13 -> 13)	Devious Devices - Assets.esm
	(14 -> 14)	Devious Devices - Integration.esm
	(15 -> 15)	Devious Devices - Expansion.esm
	(16 -> 16)	BeeingFemale.esm
	(17 -> 17)	Falskaar.esm
	(18 -> 18)	CreatureFramework.esm
	(19 -> 19)	EFFCore.esm
	(20 -> 20)	Extra Encounters Reborn - Basic.esm
	(21 -> 21)	Unofficial Skyrim Legendary Edition Patch.esp
	(22 -> 22)	RaceCompatibility.esm
	(23 -> 23)	RSkyrimChildren.esm
	(24 -> 24)	Skyrim Project Optimization - Full Version.esm
	(25 -> 25)	BaboFollowers.esp
	(26 -> 26)	Schlongs of Skyrim - Core.esm
	(27 -> 27)	Alternate Start - Live Another Life.esp
	(28 -> 28)	FNIS.esp
	(29 -> 29)	XPMSE.esp
	(30 -> 30)	Cutting Room Floor.esp
	(31 -> 31)	The Paarthurnax Dilemma.esp
	(32 -> 32)	SMIM-Merged-All.esp
	(33 -> 33)	FISS.esp
	(34 -> 34)	CharacterMakingExtender.esp
	(35 -> 35)	SkyTweak.esp
	(36 -> 36)	AOS.esp
	(37 -> 37)	BaboSound.esp
	(38 -> 38)	LyPlayerVoice.esp
	(39 -> 39)	Run For Your Lives.esp
	(40 -> 40)	High level enemies merge.esp
	(41 -> 41)	Immersive Dragonborn.esp
	(42 -> 42)	more plants all extra.esp
	(43 -> 43)	Place2Sleep.esp
	(44 -> 44)	RSChildren.esp
	(45 -> 45)	EFFDialogue.esp
	(46 -> 46)	SkyUI.esp
	(47 -> 47)	UIExtensions.esp
	(48 -> 48)	iHUD.esp
	(49 -> 49)	LessIntrusiveHUD.esp
	(50 -> 50)	Attribute Icon Widget.esp
	(51 -> 51)	WM_WidgetMod.esp
	(52 -> 52)	SexLab Inflation Framework.esp
	(53 -> 53)	FootIKOffSpell.esp
	(54 -> 54)	BaboInteractiveDia.esp
	(55 -> 55)	hothtrooper44_ArmorCompilation.esp
	(56 -> 56)	Hothtrooper44_Armor_Ecksstra.esp
	(57 -> 57)	ImCh - RSC Patch.esp
	(58 -> 58)	Extra Encounter M.esp
	(59 -> 59)	Pretty Boobies.esp
	(60 -> 60)	Weapon Series 01.esp
	(61 -> 61)	Weapon Series 02.esp
	(62 -> 62)	Weapon Series 03.esp
	(63 -> 63)	MLU.esp
	(64 -> 64)	Complete Crafting Overhaul_Remade.esp
	(65 -> 65)	Weapons & Armor Fixes_Remade.esp
	(66 -> 66)	Weapons & Armor_TrueWeaponsLvlLists.esp
	(67 -> 67)	aMidianborn_Skyforge_Weapons.esp
	(68 -> 68)	TERA Weapons.esp
	(69 -> 69)	ElementalArrows.esp
	(70 -> 70)	MiscItem Series 01.esp
	(71 -> 71)	Armor Series 01.esp
	(72 -> 72)	Armor Series 02.esp
	(73 -> 73)	Armor Series 03.esp
	(74 -> 74)	Armor Series 04.esp
	(75 -> 75)	Armor Series 05.esp
	(76 -> 76)	Armor Series 06.esp
	(77 -> 77)	Armor Series 07.esp
	(78 -> 78)	Armor Series LadyHourTera.esp
	(79 -> 79)	TERAArmorsAddon.esp
	(80 -> 80)	BaboExtension.esp
	(81 -> 81)	BaboFollowerPack01.esp
	(82 -> 82)	Populated Skyrim Legendary.esp
	(83 -> 83)	KS Hairdo's.esp
	(84 -> 84)	Mini Vamps.esp
	(85 -> 85)	LC_immersiveLoot.esp
	(86 -> 86)	ERSO 02 - Enhanced Fauna and Monsters for Skyrim.esp
	(87 -> 87)	ERSO 12 - RUS-(SIM)-Werewolves.esp
	(88 -> 88)	ERSO 30 - Better Enemy AI Dawnguard&Dragonborn.esp
	(89 -> 89)	When Vampires Attack.esp
	(90 -> 90)	DeadlyMonsters.esp
	(91 -> 91)	UltimateDragons.esp
	(92 -> 92)	AchieveThat.esp
	(93 -> 93)	Deadly Traps.esp
	(94 -> 94)	Guard Dialogue Overhaul.esp
	(95 -> 95)	Increased Bounty & Guild Rewards.esp
	(96 -> 96)	Proper Aiming.esp
	(97 -> 97)	RealisticHumanoidMovementSpeed.esp
	(98 -> 98)	Rebirth Monster.esp
	(99 -> 99)	dD - Enhanced Blood Main.esp
	(100 -> 100)	TimingIsEverything.esp
	(101 -> 101)	Ordinator - Perks of Skyrim.esp
	(102 -> 102)	BaboCustomization.esp
	(103 -> 103)	NoCraftingSkillSynergy.esp
	(104 -> 104)	SkyRealism - Time and Travel.esp
	(105 -> 105)	UltimateCombat.esp
	(106 -> 106)	NoInfinitePowerAttack.esp
	(107 -> 107)	ABT Customized.esp
	(108 -> 108)	dD-No Spinning Death Animation.esp
	(109 -> 109)	OrientalBrows.esp
	(110 -> 110)	SGEyebrows.esp
	(111 -> 111)	SGHairPackAIO.esp
	(112 -> 112)	TheEyesOfBeauty.esp
	(113 -> 113)	SBF All In One + DLC.esp
	(114 -> 114)	dD - Realistic Ragdoll Force - Realistic.esp
	(115 -> 115)	EnhancedCharacterEdit.esp
	(116 -> 116)	JH_PeopleMerged.esp
	(117 -> 117)	BseranaBJordisFixed.esp
	(118 -> 118)	NoSuperParalize.esp
	(119 -> 119)	NPCWaterAIScripted.esp
	(120 -> 120)	Fantasy Soundtrack Project Plus.esp
	(121 -> 121)	SkyTest - Anmimalbehaviors AllDLC.esp
	(122 -> 122)	Males of Skyrim.esp
	(123 -> 123)	OBIS.esp
	(124 -> 124)	OBISDB.esp
	(125 -> 125)	SGeyes.esp
	(126 -> 126)	Sleeping Innkeepers.esp
	(127 -> 127)	SleepTight.esp
	(128 -> 128)	-Stickier_Arrows- Fix.esp
	(129 -> 129)	SOT-Sleeping.esp
	(130 -> 130)	zzzSXP.esp
	(131 -> 131)	DifficultArchery_70.esp
	(132 -> 132)	MoreNastyCritters.esp
	(133 -> 133)	HentaiCreatures.esp
	(134 -> 134)	AMatterOfTime.esp
	(135 -> 135)	WerewolfPerksExpanded.esp
	(136 -> 136)	Real Feeding V3.esp
	(137 -> 137)	sr_FillHerUp.esp
	(138 -> 138)	SSLToys.esp
	(139 -> 139)	Solstheim Landscape Overhaul.esp
	(140 -> 140)	VioLens.esp
	(141 -> 141)	Unique Unique.esp
	(142 -> 142)	paralysis and crops.esp
	(143 -> 143)	SexLabDefeat.esp
	(144 -> 144)	Apropos.esp
	(145 -> 145)	SlaveTats.esp
	(146 -> 146)	BullseyePerkParalyzeBugFix.esp
	(147 -> 147)	ArmyReforms.esp
	(148 -> 148)	Varied_Vigilants.esp
	(149 -> 149)	CrossBowEnhanced.esp
	(150 -> 150)	HHairstylesCom.esp
	(151 -> 151)	PC Head Tracking - MCM.esp
	(152 -> 152)	PC Head Tracking - Patch.esp
	(153 -> 153)	HiringFoes.esp
	(154 -> 154)	EyesSGlasses.esp
	(155 -> 155)	Mortal Enemies.esp
	(156 -> 156)	BeeingFemaleBasicAddOn.esp
	(157 -> 157)	BFA_CreatureChildActors_V+DG+DB.esp
	(158 -> 158)	BaboBasic.esp
	(159 -> 159)	EmpoweredM.esp
	(160 -> 160)	Immersive Potions.esp
	(161 -> 161)	SPTConsistentOlderPeople.esp
	(162 -> 162)	CollegeOfWinterholdImmersive.esp
	(163 -> 163)	Slaves Tragedy.esp
	(164 -> 164)	FNIS_PCEA2.esp
	(165 -> 165)	TheAmazingWorldOfBikiniArmor.esp
	(166 -> 166)	Rebirth Monster - OBIS Patch.esp
	(167 -> 167)	SLAnimLoader.esp
	(168 -> 168)	SLAL_Animobj.esp
	(169 -> 169)	SimpleSlavery.esp
	(170 -> 170)	Simple Slavery Defeat.esp
	(171 -> 171)	Skyrim Immersive Creatures.esp
	(172 -> 172)	Skyrim Immersive Creatures - DLC2.esp
	(173 -> 173)	Skyrim Immersive Creatures - Patch.esp
	(174 -> 174)	BDIC.esp
	(175 -> 175)	EstrusChaurus.esp
	(176 -> 176)	EstrusSpider.esp
	(177 -> 177)	SexLabHorribleHarassment.esp
	(178 -> 178)	HDTSextoys.esp
	(179 -> 179)	RealisticWaterTwo.esp
	(180 -> 180)	Realistic Two Merged.esp
	(181 -> 181)	Immersive Sounds - Weaponry.esp
	(182 -> 182)	AOS_PatchMerged.esp
	(183 -> 183)	Tamriel Reloaded HD.esp
	(184 -> 184)	Vivid Weathers.esp
	(185 -> 185)	Vivid Weathers Patch Merged.esp
	(186 -> 186)	ELE_Legendary_Lite.esp
	(187 -> 187)	OpulentOutfits_Replacer-2016.esp
	(188 -> 188)	LightAdjustmentAbove.esp
	(189 -> 189)	NoRadialBlur.esp
	(190 -> 190)	OrganicVoice.esp
	(191 -> 191)	SLPGN.esp
	(192 -> 192)	Falskaar addon.esp
	(193 -> 193)	Alternate Start Babo Tweak.esp
	(194 -> 194)	Real Clouds.esp
	(195 -> 195)	SilentSneakKills.esp
	(196 -> 196)	PotionAnimatedFix.esp
	(197 -> 197)	BaboHairPack01.esp
	(198 -> 198)	TKDodge.esp
	(199 -> 199)	DW.esp
	(200 -> 200)	LootandDegradation.esp
	(201 -> 201)	SexLab_Solutions.esp
	(202 -> 202)	mslDeviousCaptures.esp
	(203 -> 203)	DeviouslyHelpless.esp
	(204 -> 204)	SexLabSexBounty.esp
	(205 -> 205)	sanguinesDebauchery.esp
	(206 -> 206)	SexLab_Dialogues.esp
	(207 -> 207)	FtM_3.esp
	(208 -> 208)	Additional Player Voices for Skyrim.esp
	(209 -> 209)	HavenBag.esp
	(210 -> 210)	Facelight.esp
	(211 -> 211)	Schlongs of Skyrim.esp
	(212 -> 212)	SOS - VectorPlexus Regular Addon.esp
	(213 -> 213)	AddItemMenu2.esp
	(214 -> 214)	SAM Music Overhaul.esp
	(215 -> 215)	Customizable Camera.esp
	(216 -> 216)	Rya-re.esp
	(217 -> 217)	SexLab Approach.esp
	(218 -> 218)	Skyrim Particle Patch for ENB - Flame Atronach Fix.esp
	(219 -> 219)	SLAL_AnimationByBakaFactory.esp
	(220 -> 220)	Tongueswcript.esp
	(221 -> 221)	Mosakaeru's Followers Vol1 - Farith.esp
	(222 -> 222)	Follower - BeeDee.esp
	(223 -> 223)	KCEBattleClaws.esp
	(224 -> 224)	HentaiGaleArmor.esp
	(225 -> 225)	HentaiVoidArmor.esp
	(226 -> 226)	Ghosu - Project Flintlock.esp
	(227 -> 227)	[NINI]Sister.esp
Loading menu open/close event registrations...
Loading key input event registrations...
Loading control input event registrations...
Loading mod callback event registrations...
Loading crosshair ref event registrations...
Loading camera event registrations...
Loading actor action event registrations...
Unhandled chunk type in Core_LoadCallback: 4E494E55 (UNIN)
Loading SKSEPersistentObjectStorage data...
Loading SKSEDelayFunctorManager data...
dispatch message (3) to plugin listeners
sending message type 3 to plugin 11
sending message type 3 to plugin 14
sending message type 3 to plugin 27
sending message type 3 to plugin 37
dispatched message.
cleared save path
WidgetLoader.as: loadWidget(a_widgetID = 0, a_widgetSource = BeeingFemale/BeeingFemaleWid1.swf)
WidgetLoader.as: loadWidget(a_widgetID = 1, a_widgetSource = BeeingFemale/BeeingFemaleWid2.swf)
WidgetLoader.as: loadWidget(a_widgetID = 2, a_widgetSource = BeeingFemale/BeeingFemaleWid3.swf)
WidgetLoader.as: loadWidget(a_widgetID = 3, a_widgetSource = BeeingFemale/BeeingFemaleWid4.swf)
WidgetLoader.as: loadWidget(a_widgetID = 4, a_widgetSource = BeeingFemale/BeeingFemaleCoupleWid.swf)
WidgetLoader.as: loadWidget(a_widgetID = 5, a_widgetSource = BeeingFemale/BeeingFemaleWid5.swf)
WidgetLoader.as: loadWidget(a_widgetID = 6, a_widgetSource = skyui/followerpanel.swf)
WidgetLoader.as: loadWidget(a_widgetID = 7, a_widgetSource = skyui/activeeffects.swf)
WidgetLoader.as: loadWidget(a_widgetID = 8, a_widgetSource = AIW/AttributeIconWidget.swf)
WidgetLoader.as: loadWidget(a_widgetID = 9, a_widgetSource = WM/WM_LockpickCount.swf)
WidgetLoader.as: loadWidget(a_widgetID = 10, a_widgetSource = WM/WM_HorseCount.swf)
WidgetLoader.as: loadWidget(a_widgetID = 11, a_widgetSource = WM/WM_GoldCount.swf)
WidgetLoader.as: loadWidget(a_widgetID = 12, a_widgetSource = WM/WM_FollowerCount.swf)
WidgetLoader.as: loadWidget(a_widgetID = 13, a_widgetSource = WM/WM_LightCount.swf)
WidgetLoader.as: loadWidget(a_widgetID = 14, a_widgetSource = WM/WM_SkillCount.swf)
WidgetLoader.as: loadWidget(a_widgetID = 15, a_widgetSource = WM/WM_AttributeCount.swf)
WidgetLoader.as: loadWidget(a_widgetID = 16, a_widgetSource = WM/WM_EssentialCount.swf)
WidgetLoader.as: loadWidget(a_widgetID = 17, a_widgetSource = WM/WM_HotkeyCount.swf)
WidgetLoader.as: loadWidget(a_widgetID = 18, a_widgetSource = WM/WM_ArrowCount.swf)
WidgetLoader.as: loadWidget(a_widgetID = 19, a_widgetSource = WM/WM_SpeedCount.swf)
WidgetLoader.as: loadWidget(a_widgetID = 20, a_widgetSource = WM/WM_BountyCount.swf)
WidgetLoader.as: loadWidget(a_widgetID = 21, a_widgetSource = WM/WM_WeightCount.swf)
WidgetLoader.as: loadWidget(a_widgetID = 22, a_widgetSource = AMOTClockWidget.swf)
WidgetLoader.as: loadWidget(a_widgetID = 23, a_widgetSource = AMOTClockWidget.swf)
WidgetLoader.as: loadWidget(a_widgetID = 24, a_widgetSource = AMOTDateWidget.swf)
WidgetLoader.as: loadWidget(a_widgetID = 25, a_widgetSource = AMOTDateWidget.swf)
WidgetLoader.as: loadWidget(a_widgetID = 26, a_widgetSource = amotsymbolwidget.swf)
WidgetLoader.as: loadWidget(a_widgetID = 27, a_widgetSource = amotsymbolwidget.swf)
WidgetLoader.as: loadWidget(a_widgetID = 28, a_widgetSource = defeat/meter.swf)
WidgetLoader.as: loadWidget(a_widgetID = 29, a_widgetSource = Apropos/MessageWidget.swf)
WidgetLoader.as: loadWidget(a_widgetID = 30, a_widgetSource = Apropos/MessageWidget.swf)
WidgetLoader.as: loadWidget(a_widgetID = 31, a_widgetSource = Apropos/MessageWidget.swf)
WidgetLoader.as: loadWidget(a_widgetID = 32, a_widgetSource = Apropos/MessageWidget.swf)
WidgetLoader.as: loadWidget(a_widgetID = 33, a_widgetSource = Apropos/MessageWidget.swf)
WidgetLoader.as: loadWidget(a_widgetID = 34, a_widgetSource = Apropos/MessageWidget.swf)
WidgetLoader.as: loadWidget(a_widgetID = 35, a_widgetSource = Apropos/MessageWidget.swf)
WidgetLoader.as: loadWidget(a_widgetID = 36, a_widgetSource = Apropos/MessageWidget.swf)
WidgetLoader.as: loadWidget(a_widgetID = 37, a_widgetSource = Apropos/MessageWidget.swf)
WidgetLoader.as: loadWidget(a_widgetID = 38, a_widgetSource = Apropos/MessageWidget.swf)
WidgetLoader.as: loadWidget(a_widgetID = 39, a_widgetSource = lootanddegradation/equipicons.swf)
AMOT now switching to symbol skydial
AMOT now switching to symbol skydial
AMOT now switching to symbol SkyDial
AMOT now switching to symbol PictureOfTheDay
save name is Save 735 - Malet                         (Fort Snowhawk)  17.57.14
full save path: C:\Users\0dldl\Documents\My Games\Skyrim\__MOProfileSave__\\Save 735 - Malet                         (Fort Snowhawk)  17.57.14.skse
dispatch message (2) to plugin listeners
sending message type 2 to plugin 11
sending message type 2 to plugin 14
sending message type 2 to plugin 27
sending message type 2 to plugin 37
dispatched message.
loading co-save
WidgetLoader.as: loadWidget(a_widgetID = 27, a_widgetSource = amotsymbolwidget.swf)
WidgetLoader.as: loadWidget(a_widgetID = 28, a_widgetSource = defeat/meter.swf)
WidgetLoader.as: loadWidget(a_widgetID = 29, a_widgetSource = Apropos/MessageWidget.swf)
WidgetLoader.as: loadWidget(a_widgetID = 30, a_widgetSource = Apropos/MessageWidget.swf)
WidgetLoader.as: loadWidget(a_widgetID = 31, a_widgetSource = Apropos/MessageWidget.swf)
WidgetLoader.as: loadWidget(a_widgetID = 32, a_widgetSource = Apropos/MessageWidget.swf)
WidgetLoader.as: loadWidget(a_widgetID = 33, a_widgetSource = Apropos/MessageWidget.swf)
WidgetLoader.as: loadWidget(a_widgetID = 34, a_widgetSource = Apropos/MessageWidget.swf)
WidgetLoader.as: loadWidget(a_widgetID = 35, a_widgetSource = Apropos/MessageWidget.swf)
WidgetLoader.as: loadWidget(a_widgetID = 36, a_widgetSource = Apropos/MessageWidget.swf)
WidgetLoader.as: loadWidget(a_widgetID = 37, a_widgetSource = Apropos/MessageWidget.swf)
WidgetLoader.as: loadWidget(a_widgetID = 38, a_widgetSource = Apropos/MessageWidget.swf)
WidgetLoader.as: loadWidget(a_widgetID = 39, a_widgetSource = lootanddegradation/equipicons.swf)
AMOT now switching to symbol skydial
AMOT now switching to symbol skydial
AMOT now switching to symbol SkyDial
AMOT now switching to symbol PictureOfTheDay
save name is Save 735 - Malet                         (Fort Snowhawk)  17.57.14
full save path: C:\Users\0dldl\Documents\My Games\Skyrim\__MOProfileSave__\\Save 735 - Malet                         (Fort Snowhawk)  17.57.14.skse
dispatch message (2) to plugin listeners
sending message type 2 to plugin 11
sending message type 2 to plugin 14
sending message type 2 to plugin 27
sending message type 2 to plugin 37
dispatched message.
loading co-save
WidgetLoader.as: loadWidget(a_widgetID = 27, a_widgetSource = amotsymbolwidget.swf)
WidgetLoader.as: loadWidget(a_widgetID = 28, a_widgetSource = defeat/meter.swf)
WidgetLoader.as: loadWidget(a_widgetID = 29, a_widgetSource = Apropos/MessageWidget.swf)
WidgetLoader.as: loadWidget(a_widgetID = 30, a_widgetSource = Apropos/MessageWidget.swf)
WidgetLoader.as: loadWidget(a_widgetID = 31, a_widgetSource = Apropos/MessageWidget.swf)
WidgetLoader.as: loadWidget(a_widgetID = 32, a_widgetSource = Apropos/MessageWidget.swf)
WidgetLoader.as: loadWidget(a_widgetID = 33, a_widgetSource = Apropos/MessageWidget.swf)
WidgetLoader.as: loadWidget(a_widgetID = 34, a_widgetSource = Apropos/MessageWidget.swf)
WidgetLoader.as: loadWidget(a_widgetID = 35, a_widgetSource = Apropos/MessageWidget.swf)
WidgetLoader.as: loadWidget(a_widgetID = 36, a_widgetSource = Apropos/MessageWidget.swf)
WidgetLoader.as: loadWidget(a_widgetID = 37, a_widgetSource = Apropos/MessageWidget.swf)
WidgetLoader.as: loadWidget(a_widgetID = 38, a_widgetSource = Apropos/MessageWidget.swf)
WidgetLoader.as: loadWidget(a_widgetID = 39, a_widgetSource = lootanddegradation/equipicons.swf)
AMOT now switching to symbol skydial
AMOT now switching to symbol skydial
AMOT now switching to symbol SkyDial
AMOT now switching to symbol PictureOfTheDay
save name is Save 735 - Malet                         (Fort Snowhawk)  17.57.14
full save path: C:\Users\0dldl\Documents\My Games\Skyrim\__MOProfileSave__\\Save 735 - Malet                         (Fort Snowhawk)  17.57.14.skse
dispatch message (2) to plugin listeners
sending message type 2 to plugin 11
sending message type 2 to plugin 14
sending message type 2 to plugin 27
sending message type 2 to plugin 37
dispatched message.
loading co-save
WidgetLoader.as: loadWidget(a_widgetID = 27, a_widgetSource = amotsymbolwidget.swf)
WidgetLoader.as: loadWidget(a_widgetID = 28, a_widgetSource = defeat/meter.swf)
WidgetLoader.as: loadWidget(a_widgetID = 29, a_widgetSource = Apropos/MessageWidget.swf)
WidgetLoader.as: loadWidget(a_widgetID = 30, a_widgetSource = Apropos/MessageWidget.swf)
WidgetLoader.as: loadWidget(a_widgetID = 31, a_widgetSource = Apropos/MessageWidget.swf)
WidgetLoader.as: loadWidget(a_widgetID = 32, a_widgetSource = Apropos/MessageWidget.swf)
WidgetLoader.as: loadWidget(a_widgetID = 33, a_widgetSource = Apropos/MessageWidget.swf)
WidgetLoader.as: loadWidget(a_widgetID = 34, a_widgetSource = Apropos/MessageWidget.swf)
WidgetLoader.as: loadWidget(a_widgetID = 35, a_widgetSource = Apropos/MessageWidget.swf)
WidgetLoader.as: loadWidget(a_widgetID = 36, a_widgetSource = Apropos/MessageWidget.swf)
WidgetLoader.as: loadWidget(a_widgetID = 37, a_widgetSource = Apropos/MessageWidget.swf)
WidgetLoader.as: loadWidget(a_widgetID = 38, a_widgetSource = Apropos/MessageWidget.swf)
WidgetLoader.as: loadWidget(a_widgetID = 39, a_widgetSource = lootanddegradation/equipicons.swf)
AMOT now switching to symbol skydial
AMOT now switching to symbol skydial
AMOT now switching to symbol SkyDial
AMOT now switching to symbol PictureOfTheDay
save name is Save 735 - Malet                         (Fort Snowhawk)  17.57.14
full save path: C:\Users\0dldl\Documents\My Games\Skyrim\__MOProfileSave__\\Save 735 - Malet                         (Fort Snowhawk)  17.57.14.skse
dispatch message (2) to plugin listeners
sending message type 2 to plugin 11
sending message type 2 to plugin 14
sending message type 2 to plugin 27
sending message type 2 to plugin 37
dispatched message.
loading co-save